"SQL_ID  5r4qrga3tv96u, child number 0"
-------------------------------------
select * from app_user.event_table where event_date between
"to_date('01.07.2023', 'dd.MM.yyyy') and to_date('02.07.2023', "
'dd.MM.yyyy')

Plan hash value: 2544194312

------------------------------------------------------------------------------------------------------
| Id  | Operation              | Name        | Rows  | Bytes | Cost (%CPU)| Time     | Pstart| Pstop |
------------------------------------------------------------------------------------------------------
|   0 | SELECT STATEMENT       |             |       |       |   274 (100)|          |       |       |
|   1 |  PARTITION RANGE SINGLE|             |  1613 | 41938 |   274   (0)| 00:00:01 |     7 |     7 |
|*  2 |   TABLE ACCESS FULL    | EVENT_TABLE |  1613 | 41938 |   274   (0)| 00:00:01 |     7 |     7 |
------------------------------------------------------------------------------------------------------

Predicate Information (identified by operation id):
---------------------------------------------------

"   2 - filter(""EVENT_DATE""<=TIMESTAMP' 2023-07-02 00:00:00')"

Note
-----
   - dynamic statistics used: dynamic sampling (level=2)

