"SQL_ID  83dvhkbagj64q, child number 0"
-------------------------------------
"select et1_0.id,et1_0.event_date from event_table et1_0 where "
et1_0.event_date between :1  and :2

Plan hash value: 1753504259

---------------------------------------------------------------------------------------------------------
| Id  | Operation                 | Name        | Rows  | Bytes | Cost (%CPU)| Time     | Pstart| Pstop |
---------------------------------------------------------------------------------------------------------
|   0 | SELECT STATEMENT          |             |       |       |   278 (100)|          |       |       |
|*  1 |  FILTER                   |             |       |       |            |          |       |       |
|   2 |   PARTITION RANGE ITERATOR|             |  1613 | 41938 |   278   (2)| 00:00:01 |   KEY |   KEY |
|*  3 |    TABLE ACCESS FULL      | EVENT_TABLE |  1613 | 41938 |   278   (2)| 00:00:01 |   KEY |   KEY |
---------------------------------------------------------------------------------------------------------

Predicate Information (identified by operation id):
---------------------------------------------------

   1 - filter(:2>=:1)
"   3 - filter((""ET1_0"".""EVENT_DATE"">=:1 AND ""ET1_0"".""EVENT_DATE""<=:2))"

Note
-----
   - dynamic statistics used: dynamic sampling (level=2)

